[21:12:32] [Client thread/INFO] [JMLogger] JourneyMap log initialized.
[21:12:32] [Client thread/INFO] [JourneymapClient] ensureCurrent ENTER
[21:12:33] [Client thread/INFO] [PropertiesBase] Loaded CoreProperties from C:\Users\reiji-maigo\AppData\Roaming\.technic\modpacks\heliophobia-magic\journeymap\config\5.1\journeymap.core.config
[21:12:33] [Client thread/INFO] [PropertiesBase] Loaded FullMapProperties from C:\Users\reiji-maigo\AppData\Roaming\.technic\modpacks\heliophobia-magic\journeymap\config\5.1\journeymap.fullmap.config
[21:12:33] [Client thread/INFO] [PropertiesBase] Loaded MiniMapProperties from C:\Users\reiji-maigo\AppData\Roaming\.technic\modpacks\heliophobia-magic\journeymap\config\5.1\journeymap.minimap.config
[21:12:33] [Client thread/INFO] [PropertiesBase] Loaded MiniMapProperties2 from C:\Users\reiji-maigo\AppData\Roaming\.technic\modpacks\heliophobia-magic\journeymap\config\5.1\journeymap.minimap2.config
[21:12:33] [Client thread/INFO] [PropertiesBase] Loaded WebMapProperties from C:\Users\reiji-maigo\AppData\Roaming\.technic\modpacks\heliophobia-magic\journeymap\config\5.1\journeymap.webmap.config
[21:12:33] [Client thread/INFO] [PropertiesBase] Loaded WaypointProperties from C:\Users\reiji-maigo\AppData\Roaming\.technic\modpacks\heliophobia-magic\journeymap\config\5.1\journeymap.waypoint.config
[21:12:33] [Client thread/INFO] [?] Version: JourneyMap 5.1.3 Unlimited, built with Forge 10.13.4.1558
Forge: 10.13.4.1566
Environment: os.name, os.arch, java.version, user.country, user.language=null, game language=en_US, locale=en_us
Unlimited Features: 
	RadarPlayers : singleplayer = true , multiplayer = true
	RadarAnimals : singleplayer = true , multiplayer = true
	RadarMobs : singleplayer = true , multiplayer = true
	RadarVillagers : singleplayer = true , multiplayer = true
	MapCaves : singleplayer = true , multiplayer = true
MiniMapProperties{entityIconSetName=2D, showAnimals=true, showMobs=true, showPets=true, showPlayers=true, showSelf=true, showVillagers=true, showWaypoints=true, zoomLevel=0, fontScale=2, locationFormat=xzyv, locationFormatVerbose=true, showCaves=true, showWaypointLabels=true, showMobHeading=true, showPlayerHeading=true, textureSmall=true, active=true, compassFontScale=1, enabled=true, frameAlpha=100, name=minimap, orientation=North, position=Top Right, preferredMapType=day, reticleOrientation=Compass, shape=Circle, showBiome=true, showCompass=true, showFps=false, showLocation=true, showReticle=true, sizePercent=30, terrainAlpha=100}
MiniMapProperties2{enabled=true, shape=Rectangle, position=Top Center, showFps=false, showBiome=true, showLocation=true, showWaypointLabels=true, sizePercent=30, frameAlpha=60, terrainAlpha=60, orientation=My Heading, compassFontScale=1, showCompass=true, showReticle=true, reticleOrientation=Compass, preferredMapType=day, name=minimap2, id=2}
FullMapProperties{entityIconSetName=2D, showAnimals=true, showMobs=true, showPets=true, showPlayers=true, showSelf=true, showVillagers=true, showWaypoints=true, zoomLevel=0, fontScale=1, locationFormat=xzyv, locationFormatVerbose=true, showCaves=false, showWaypointLabels=true, showMobHeading=true, showPlayerHeading=true, textureSmall=true, preferredMapType=day, showGrid=true}
WaypointProperties{autoHideLabel=true, beaconEnabled=true, boldLabel=false, createDeathpoints=true, fontScale=2, managerEnabled=true, maxDistance=0, name=waypoint, showDistance=true, showName=true, showRotatingBeam=true, showStaticBeam=true, showTexture=true, textureSmall=true}
WebMapProperties: , enabled=false, port=8080, showMobs=true, showAnimals=true, showVillagers=true, showPets=true, showPlayers=true, showWaypoints=true, entityIconSetName=2D
CoreProperties{announceMod=true, autoMapPoll=2000, browserPoll=2000, cacheAnimalsData=3100, cacheMobsData=3000, cachePlayerData=1000, cachePlayersData=2000, cacheVillagersData=2200, caveIgnoreGlass=true, isUpdateCheckEnabled=true, renderDelay=2, hideSneakingEntities=true, logLevel=INFO, mapAntialiasing=true, mapBathymetry=false, mapCaveLighting=true, mapCrops=true, mapPlants=false, mapPlantShadows=false, mapSurfaceAboveCaves=true, tileHighDisplayQuality=true, mapTransparency=true, maxAnimalsData=32, maxMobsData=32, maxPlayersData=32, maxVillagersData=32, optionsManagerViewed=5.1.3, radarLateralDistance=64, radarVerticalDistance=16, recordCacheStats=false, renderOverlayEventTypeName=ALL, renderOverlayPreEvent=true, renderDistanceCaveMin=3, renderDistanceCaveMax=3, renderDistanceSurfaceMin=4, renderDistanceSurfaceMax=7, revealShape=Circle, themeName=Victorian, tileRenderType=1}
[21:12:33] [Client thread/INFO] [JourneymapClient] ensureCurrent EXIT, elapsed§8 count §r1§8 avg §r260,08§8ms§r
[21:12:43] [Client thread/INFO] [JourneymapClient] postInitialize ENTER
[21:12:43] [Client thread/DEBUG] [EventHandlerManager] journeymap.client.forge.event.ChatEventHandler registered in MinecraftForgeBus
[21:12:43] [Client thread/DEBUG] [EventHandlerManager] journeymap.client.forge.event.StateTickHandler registered in FMLCommonHandlerBus
[21:12:43] [Client thread/DEBUG] [EventHandlerManager] journeymap.client.forge.event.WorldEventHandler registered in MinecraftForgeBus
[21:12:43] [Client thread/DEBUG] [EventHandlerManager] journeymap.client.forge.event.ChunkUpdateHandler registered in MinecraftForgeBus
[21:12:43] [Client thread/DEBUG] [EventHandlerManager] journeymap.client.forge.event.WaypointBeaconHandler registered in MinecraftForgeBus
[21:12:43] [Client thread/DEBUG] [EventHandlerManager] journeymap.client.forge.event.TextureAtlasHandler registered in MinecraftForgeBus
[21:12:43] [Client thread/INFO] [WorldInfoHandler] Registered channel: world_info
[21:12:43] [Client thread/DEBUG] [EventHandlerManager] journeymap.client.forge.event.MiniMapOverlayHandler registered in MinecraftForgeBus
[21:12:43] [Client thread/DEBUG] [EventHandlerManager] journeymap.client.forge.event.KeyEventHandler registered in FMLCommonHandlerBus
[21:12:43] [Client thread/INFO] [IconSetFileHandler] Initializing icon sets...
[21:12:44] [Client thread/TRACE] [ThemeFileHandler] Initializing themes ...
[21:12:44] [Client thread/DEBUG] [PropertiesBase] Saved journeymap.webmap.config
[21:12:44] [Client thread/INFO] [JourneymapClient] postInitialize EXIT, elapsed§8 count §r1§8 avg §r333,09§8ms§r
[21:12:45] [JM-VersionCheck-1/INFO] [VersionCheck$1] Newer version online: JourneyMap 5.1.4p2 for Minecraft 1.7.10 on http://minecraft.curseforge.com/projects/journeymap-32274/files/2367915
[21:13:01] [Client thread/INFO] [ColorManager] Loading blocks and textures...
[21:13:01] [Client thread/INFO] [ModBlockDelegate] Registered IModBlockHandler journeymap.client.model.mod.CarpentersBlocks$CommonHandler for: 'BlockMD [CarpentersBlocks:blockCarpentersBlock:0] (SpecialHandling)'.
[21:13:01] [Client thread/INFO] [ModBlockDelegate] Registered IModBlockHandler journeymap.client.model.mod.CarpentersBlocks$CommonHandler for: 'BlockMD [CarpentersBlocks:blockCarpentersBarrier:0] (SpecialHandling)'.
[21:13:01] [Client thread/INFO] [ModBlockDelegate] Registered IModBlockHandler journeymap.client.model.mod.CarpentersBlocks$CommonHandler for: 'BlockMD [CarpentersBlocks:blockCarpentersBed:0] (SpecialHandling)'.
[21:13:01] [Client thread/INFO] [ModBlockDelegate] Registered IModBlockHandler journeymap.client.model.mod.CarpentersBlocks$CommonHandler for: 'BlockMD [CarpentersBlocks:blockCarpentersButton:0] (SpecialHandling)'.
[21:13:01] [Client thread/INFO] [ModBlockDelegate] Registered IModBlockHandler journeymap.client.model.mod.CarpentersBlocks$CommonHandler for: 'BlockMD [CarpentersBlocks:blockCarpentersCollapsibleBlock:0] (SpecialHandling)'.
[21:13:01] [Client thread/INFO] [ModBlockDelegate] Registered IModBlockHandler journeymap.client.model.mod.CarpentersBlocks$CommonHandler for: 'BlockMD [CarpentersBlocks:blockCarpentersDaylightSensor:0] (SpecialHandling)'.
[21:13:01] [Client thread/INFO] [ModBlockDelegate] Registered IModBlockHandler journeymap.client.model.mod.CarpentersBlocks$CommonHandler for: 'BlockMD [CarpentersBlocks:blockCarpentersDoor:0] (SpecialHandling)'.
[21:13:01] [Client thread/INFO] [ModBlockDelegate] Registered IModBlockHandler journeymap.client.model.mod.CarpentersBlocks$CommonHandler for: 'BlockMD [CarpentersBlocks:blockCarpentersFlowerPot:0] (SpecialHandling)'.
[21:13:01] [Client thread/INFO] [ModBlockDelegate] Registered IModBlockHandler journeymap.client.model.mod.CarpentersBlocks$CommonHandler for: 'BlockMD [CarpentersBlocks:blockCarpentersGarageDoor:0] (SpecialHandling)'.
[21:13:01] [Client thread/INFO] [ModBlockDelegate] Registered IModBlockHandler journeymap.client.model.mod.CarpentersBlocks$CommonHandler for: 'BlockMD [CarpentersBlocks:blockCarpentersGate:0] (SpecialHandling)'.
[21:13:01] [Client thread/INFO] [ModBlockDelegate] Registered IModBlockHandler journeymap.client.model.mod.CarpentersBlocks$CommonHandler for: 'BlockMD [CarpentersBlocks:blockCarpentersHatch:0] (SpecialHandling)'.
[21:13:01] [Client thread/INFO] [ModBlockDelegate] Registered IModBlockHandler journeymap.client.model.mod.CarpentersBlocks$CommonHandler for: 'BlockMD [CarpentersBlocks:blockCarpentersLadder:0] (OpenToSky,SpecialHandling)'.
[21:13:01] [Client thread/INFO] [ModBlockDelegate] Registered IModBlockHandler journeymap.client.model.mod.CarpentersBlocks$CommonHandler for: 'BlockMD [CarpentersBlocks:blockCarpentersLever:0] (SpecialHandling)'.
[21:13:01] [Client thread/INFO] [ModBlockDelegate] Registered IModBlockHandler journeymap.client.model.mod.CarpentersBlocks$CommonHandler for: 'BlockMD [CarpentersBlocks:blockCarpentersPressurePlate:0] (SpecialHandling)'.
[21:13:01] [Client thread/INFO] [ModBlockDelegate] Registered IModBlockHandler journeymap.client.model.mod.CarpentersBlocks$CommonHandler for: 'BlockMD [CarpentersBlocks:blockCarpentersSafe:0] (SpecialHandling)'.
[21:13:01] [Client thread/INFO] [ModBlockDelegate] Registered IModBlockHandler journeymap.client.model.mod.CarpentersBlocks$CommonHandler for: 'BlockMD [CarpentersBlocks:blockCarpentersSlope:0] (SpecialHandling)'.
[21:13:01] [Client thread/INFO] [ModBlockDelegate] Registered IModBlockHandler journeymap.client.model.mod.CarpentersBlocks$CommonHandler for: 'BlockMD [CarpentersBlocks:blockCarpentersSlope:1] (SpecialHandling)'.
[21:13:01] [Client thread/INFO] [ModBlockDelegate] Registered IModBlockHandler journeymap.client.model.mod.CarpentersBlocks$CommonHandler for: 'BlockMD [CarpentersBlocks:blockCarpentersSlope:2] (SpecialHandling)'.
[21:13:01] [Client thread/INFO] [ModBlockDelegate] Registered IModBlockHandler journeymap.client.model.mod.CarpentersBlocks$CommonHandler for: 'BlockMD [CarpentersBlocks:blockCarpentersSlope:3] (SpecialHandling)'.
[21:13:01] [Client thread/INFO] [ModBlockDelegate] Registered IModBlockHandler journeymap.client.model.mod.CarpentersBlocks$CommonHandler for: 'BlockMD [CarpentersBlocks:blockCarpentersSlope:4] (SpecialHandling)'.
[21:13:01] [Client thread/INFO] [ModBlockDelegate] Registered IModBlockHandler journeymap.client.model.mod.CarpentersBlocks$CommonHandler for: 'BlockMD [CarpentersBlocks:blockCarpentersStairs:0] (SpecialHandling)'.
[21:13:01] [Client thread/WARN] [BlockMD] Can't find UID for block powercrystals.netherores.world.BlockHellfish@20141e49
[21:13:01] [Client thread/INFO] [BlockMD] Built BlockMD cache (5784) : BlockMD.reset count 1 avg 76,07ms
[21:13:01] [Client thread/INFO] [ColorHelper_1_7_10] initBlocksTexture: 4096x2048 loaded in 131.416262ms
[21:13:01] [Client thread/INFO] [ColorPalette] Existing color palette's resource packs and mod names match current loadout.
[21:13:01] [Client thread/INFO] [ColorManager] Loaded 5238 block colors from color palette file in 12ms: C:\Users\reiji-maigo\AppData\Roaming\.technic\modpacks\heliophobia-magic\journeymap\colorpalette.json
[21:13:01] [Client thread/WARN] [BlockMD] Can't find UID for block powercrystals.netherores.world.BlockHellfish@20141e49
[21:13:01] [Client thread/INFO] [ColorManager] Initialized 94 block colors from mods and resource packs in 23ms
[21:13:01] [Client thread/WARN] [BlockMD] Can't find UID for block powercrystals.netherores.world.BlockHellfish@20141e49
[21:13:01] [Client thread/WARN] [ColorPalette] Block with Error flag won't be saved to color palette: BlockMD [CarpentersBlocks:blockCarpentersSlope:3] (Transparency,Error,SpecialHandling)
[21:13:01] [Client thread/WARN] [ColorPalette] Block with Error flag won't be saved to color palette: BlockMD [CarpentersBlocks:blockCarpentersSlope:4] (Transparency,Error,SpecialHandling)
[21:13:01] [Client thread/WARN] [ColorPalette] Block with Error flag won't be saved to color palette: BlockMD [CarpentersBlocks:blockCarpentersSlope:0] (Transparency,Error,SpecialHandling)
[21:13:01] [Client thread/WARN] [ColorPalette] Block with Error flag won't be saved to color palette: BlockMD [CarpentersBlocks:blockCarpentersSlope:1] (Transparency,Error,SpecialHandling)
[21:13:01] [Client thread/WARN] [ColorPalette] Block with Error flag won't be saved to color palette: BlockMD [CarpentersBlocks:blockCarpentersSlope:2] (Transparency,Error,SpecialHandling)
[21:13:01] [Client thread/WARN] [ColorPalette] Block with Error flag won't be saved to color palette: BlockMD [ThaumicHorizons:light:0] (Transparency,Error)
[21:13:01] [Client thread/WARN] [ColorPalette] Block with Error flag won't be saved to color palette: BlockMD [Thaumcraft:blockAiry:0] (Transparency,Error)
[21:13:01] [Client thread/WARN] [ColorPalette] Block with Error flag won't be saved to color palette: BlockMD [Thaumcraft:blockWarded:0] (Transparency,Error)
[21:13:01] [Client thread/WARN] [ColorPalette] Block with Error flag won't be saved to color palette: BlockMD [AWWayofTime:spectralContainer:0] (Transparency,Error)
[21:13:01] [Client thread/WARN] [ColorPalette] Block with Error flag won't be saved to color palette: BlockMD [CarpentersBlocks:blockCarpentersLadder:0] (OpenToSky,Transparency,Error,SpecialHandling)
[21:13:01] [Client thread/WARN] [ColorPalette] Block with Error flag won't be saved to color palette: BlockMD [CarpentersBlocks:blockCarpentersHatch:0] (Transparency,Error,SpecialHandling)
[21:13:01] [Client thread/WARN] [ColorPalette] Block with Error flag won't be saved to color palette: BlockMD [ThaumicExploration:thinkTankJar:0] (OpenToSky,Transparency,Error,TransparentRoof)
[21:13:01] [Client thread/WARN] [ColorPalette] Block with Error flag won't be saved to color palette: BlockMD [ThaumicHorizons:lightSolar:0] (Transparency,Error)
[21:13:01] [Client thread/WARN] [ColorPalette] Block with Error flag won't be saved to color palette: BlockMD [Thaumcraft:blockEldritchNothing:0] (Transparency,Error)
[21:13:01] [Client thread/WARN] [ColorPalette] Block with Error flag won't be saved to color palette: BlockMD [CarpentersBlocks:blockCarpentersDaylightSensor:0] (Transparency,Error,SpecialHandling)
[21:13:01] [Client thread/WARN] [ColorPalette] Block with Error flag won't be saved to color palette: BlockMD [Thaumcraft:blockPortalEldritch:0] (Transparency,Error)
[21:13:01] [Client thread/WARN] [ColorPalette] Block with Error flag won't be saved to color palette: BlockMD [CarpentersBlocks:blockCarpentersGarageDoor:0] (Transparency,Error,SpecialHandling)
[21:13:01] [Client thread/WARN] [ColorPalette] Block with Error flag won't be saved to color palette: BlockMD [CarpentersBlocks:blockCarpentersCollapsibleBlock:0] (Transparency,Error,SpecialHandling)
[21:13:01] [Client thread/WARN] [ColorPalette] Block with Error flag won't be saved to color palette: BlockMD [witchery:force:0] (Transparency,Error)
[21:13:01] [Client thread/WARN] [ColorPalette] Block with Error flag won't be saved to color palette: BlockMD [chisel:glass_pane:4] (OpenToSky,Transparency,Error,TransparentRoof)
[21:13:01] [Client thread/WARN] [ColorPalette] Block with Error flag won't be saved to color palette: BlockMD [CarpentersBlocks:blockCarpentersStairs:0] (Transparency,Error,SpecialHandling)
[21:13:01] [Client thread/WARN] [ColorPalette] Block with Error flag won't be saved to color palette: BlockMD [CarpentersBlocks:blockCarpentersGate:0] (Transparency,Error,SpecialHandling)
[21:13:01] [Client thread/WARN] [ColorPalette] Block with Error flag won't be saved to color palette: BlockMD [CarpentersBlocks:blockCarpentersBed:0] (Transparency,Error,SpecialHandling)
[21:13:01] [Client thread/WARN] [ColorPalette] Block with Error flag won't be saved to color palette: BlockMD [GardenCore:garden_proxy:0] (Transparency,Error)
[21:13:01] [Client thread/WARN] [ColorPalette] Block with Error flag won't be saved to color palette: BlockMD [CarpentersBlocks:blockCarpentersBarrier:0] (Transparency,Error,SpecialHandling)
[21:13:01] [Client thread/WARN] [ColorPalette] Block with Error flag won't be saved to color palette: BlockMD [CarpentersBlocks:blockCarpentersButton:0] (Transparency,Error,SpecialHandling)
[21:13:01] [Client thread/WARN] [ColorPalette] Block with Error flag won't be saved to color palette: BlockMD [CarpentersBlocks:blockCarpentersSafe:0] (Transparency,Error,SpecialHandling)
[21:13:01] [Client thread/WARN] [ColorPalette] Block with Error flag won't be saved to color palette: BlockMD [CarpentersBlocks:blockCarpentersBlock:0] (Transparency,Error,SpecialHandling)
[21:13:01] [Client thread/WARN] [ColorPalette] Block with Error flag won't be saved to color palette: BlockMD [CarpentersBlocks:blockCarpentersPressurePlate:0] (Transparency,Error,SpecialHandling)
[21:13:01] [Client thread/WARN] [ColorPalette] Block with Error flag won't be saved to color palette: BlockMD [CarpentersBlocks:blockCarpentersDoor:0] (Transparency,Error,SpecialHandling)
[21:13:01] [Client thread/WARN] [ColorPalette] Block with Error flag won't be saved to color palette: BlockMD [AWWayofTime:bloodLight:0] (Transparency,Error)
[21:13:01] [Client thread/WARN] [ColorPalette] Block with Error flag won't be saved to color palette: BlockMD [TwilightForest:tile.HugeLilyPad:0] (NoShadow,Transparency,Error,Plant,NoTopo)
[21:13:01] [Client thread/WARN] [ColorPalette] Block with Error flag won't be saved to color palette: BlockMD [Botania:buriedPetals:0] (NoShadow,Transparency,Error,Plant,NoTopo)
[21:13:01] [Client thread/WARN] [ColorPalette] Block with Error flag won't be saved to color palette: BlockMD [Botania:buriedPetals:2] (NoShadow,Transparency,Error,Plant,NoTopo)
[21:13:01] [Client thread/WARN] [ColorPalette] Block with Error flag won't be saved to color palette: BlockMD [Botania:buriedPetals:1] (NoShadow,Transparency,Error,Plant,NoTopo)
[21:13:01] [Client thread/WARN] [ColorPalette] Block with Error flag won't be saved to color palette: BlockMD [Botania:buriedPetals:4] (NoShadow,Transparency,Error,Plant,NoTopo)
[21:13:01] [Client thread/WARN] [ColorPalette] Block with Error flag won't be saved to color palette: BlockMD [Botania:buriedPetals:3] (NoShadow,Transparency,Error,Plant,NoTopo)
[21:13:01] [Client thread/WARN] [ColorPalette] Block with Error flag won't be saved to color palette: BlockMD [Botania:buriedPetals:6] (NoShadow,Transparency,Error,Plant,NoTopo)
[21:13:01] [Client thread/WARN] [ColorPalette] Block with Error flag won't be saved to color palette: BlockMD [Botania:buriedPetals:5] (NoShadow,Transparency,Error,Plant,NoTopo)
[21:13:01] [Client thread/WARN] [ColorPalette] Block with Error flag won't be saved to color palette: BlockMD [Botania:buriedPetals:8] (NoShadow,Transparency,Error,Plant,NoTopo)
[21:13:01] [Client thread/WARN] [ColorPalette] Block with Error flag won't be saved to color palette: BlockMD [Botania:buriedPetals:7] (NoShadow,Transparency,Error,Plant,NoTopo)
[21:13:01] [Client thread/WARN] [ColorPalette] Block with Error flag won't be saved to color palette: BlockMD [Botania:buriedPetals:10] (NoShadow,Transparency,Error,Plant,NoTopo)
[21:13:01] [Client thread/WARN] [ColorPalette] Block with Error flag won't be saved to color palette: BlockMD [Botania:buriedPetals:9] (NoShadow,Transparency,Error,Plant,NoTopo)
[21:13:01] [Client thread/WARN] [ColorPalette] Block with Error flag won't be saved to color palette: BlockMD [Botania:buriedPetals:12] (NoShadow,Transparency,Error,Plant,NoTopo)
[21:13:01] [Client thread/WARN] [ColorPalette] Block with Error flag won't be saved to color palette: BlockMD [Botania:buriedPetals:11] (NoShadow,Transparency,Error,Plant,NoTopo)
[21:13:01] [Client thread/WARN] [ColorPalette] Block with Error flag won't be saved to color palette: BlockMD [Botania:buriedPetals:14] (NoShadow,Transparency,Error,Plant,NoTopo)
[21:13:01] [Client thread/WARN] [ColorPalette] Block with Error flag won't be saved to color palette: BlockMD [Botania:buriedPetals:13] (NoShadow,Transparency,Error,Plant,NoTopo)
[21:13:01] [Client thread/WARN] [ColorPalette] Block with Error flag won't be saved to color palette: BlockMD [Botania:buriedPetals:15] (NoShadow,Transparency,Error,Plant,NoTopo)
[21:13:01] [Client thread/WARN] [ColorPalette] Block with Error flag won't be saved to color palette: BlockMD [WitchingGadgets:WG_CustomAir:0] (Transparency,Error)
[21:13:01] [Client thread/WARN] [ColorPalette] Block with Error flag won't be saved to color palette: BlockMD [gadomancy:BlockAdditionalEldritchPortal:0] (Transparency,Error)
[21:13:02] [Client thread/INFO] [ColorPalette] Color palette file generated with 5238 colors in 167ms for: C:\Users\reiji-maigo\AppData\Roaming\.technic\modpacks\heliophobia-magic\journeymap\colorpalette.json
[21:13:02] [Client thread/INFO] [ColorManager] Updated color palette file: C:\Users\reiji-maigo\AppData\Roaming\.technic\modpacks\heliophobia-magic\journeymap\colorpalette.json
[21:13:54] [Client thread/INFO] [WorldInfoHandler] Requesting World ID
[21:14:00] [Client thread/INFO] [WorldInfoHandler] Requesting World ID
[21:14:01] [Client thread/INFO] [WaypointStore] Loaded 0 waypoints from C:\Users\reiji-maigo\AppData\Roaming\.technic\modpacks\heliophobia-magic\journeymap\data\mp\Minecraft~Server\waypoints
[21:14:01] [Client thread/INFO] [ColorManager] Blocks and textures are current
[21:14:01] [Client thread/INFO] [JourneymapClient] Mapping started in C:\Users\reiji-maigo\AppData\Roaming\.technic\modpacks\heliophobia-magic\journeymap\data\mp\Minecraft~Server\DIM0. Memory: 4096MB total, 3082MB free 
[21:14:03] [Client thread/INFO] [ChatLog] JourneyMap: Press [J]
[21:14:46] [Client thread/WARN] [FileHandler] Icon Set asset not found: /assets/journeymap/icon/entity/2D/mocreatures/textures/models/snailf.png
[21:16:18] [Client thread/INFO] [JourneymapClient] Mapping halted in C:\Users\reiji-maigo\AppData\Roaming\.technic\modpacks\heliophobia-magic\journeymap\data\mp\Minecraft~Server\DIM0
[21:32:20] [Client thread/INFO] [WorldInfoHandler] Requesting World ID
[21:32:21] [Client thread/INFO] [WaypointStore] Loaded 0 waypoints from C:\Users\reiji-maigo\AppData\Roaming\.technic\modpacks\heliophobia-magic\journeymap\data\mp\Heliophobia~A~tad~of~Madness\waypoints
[21:32:21] [Client thread/INFO] [ColorManager] Blocks and textures are current
[21:32:21] [Client thread/INFO] [JourneymapClient] Mapping started in C:\Users\reiji-maigo\AppData\Roaming\.technic\modpacks\heliophobia-magic\journeymap\data\mp\Heliophobia~A~tad~of~Madness\DIM0. Memory: 4096MB total, 3071MB free 
[21:33:39] [Client thread/INFO] [JourneymapClient] Mapping halted in C:\Users\reiji-maigo\AppData\Roaming\.technic\modpacks\heliophobia-magic\journeymap\data\mp\Heliophobia~A~tad~of~Madness\DIM0
[21:35:44] [Client thread/INFO] [WorldInfoHandler] Requesting World ID
[21:35:45] [Client thread/INFO] [WorldInfoHandler] Requesting World ID
[21:35:45] [Client thread/INFO] [WaypointStore] Loaded 0 waypoints from C:\Users\reiji-maigo\AppData\Roaming\.technic\modpacks\heliophobia-magic\journeymap\data\mp\Heliophobia~A~tad~of~Madness\waypoints
[21:35:45] [Client thread/INFO] [ColorManager] Blocks and textures are current
[21:35:45] [Client thread/INFO] [JourneymapClient] Mapping started in C:\Users\reiji-maigo\AppData\Roaming\.technic\modpacks\heliophobia-magic\journeymap\data\mp\Heliophobia~A~tad~of~Madness\DIM0. Memory: 4096MB total, 2963MB free 
[21:36:36] [Client thread/WARN] [FileHandler] Icon Set asset not found: /assets/journeymap/icon/entity/2D/mocreatures/textures/models/smallfish_angelfish.png
[21:46:30] [Client thread/WARN] [FileHandler] Icon Set asset not found: /assets/journeymap/icon/entity/2D/mocreatures/textures/models/wraith.png
